{"D:\\GITHUB REPOSITORY\\cine-swipe\\backend\\src\\application\\auth\\auth-provider.service.ts": {"path":"D:\\GITHUB REPOSITORY\\cine-swipe\\backend\\src\\application\\auth\\auth-provider.service.ts","statementMap":{"0":{"start":{"line":1,"column":0},"end":{"line":1,"column":73}},"1":{"start":{"line":2,"column":0},"end":{"line":2,"column":47}},"2":{"start":{"line":3,"column":0},"end":{"line":3,"column":null}},"3":{"start":{"line":7,"column":0},"end":{"line":7,"column":72}},"4":{"start":{"line":8,"column":0},"end":{"line":8,"column":86}},"5":{"start":{"line":11,"column":7},"end":{"line":64,"column":null}},"6":{"start":{"line":14,"column":21},"end":{"line":14,"column":52}},"7":{"start":{"line":15,"column":21},"end":{"line":15,"column":36}},"8":{"start":{"line":16,"column":21},"end":{"line":16,"column":42}},"9":{"start":{"line":20,"column":21},"end":{"line":20,"column":77}},"10":{"start":{"line":21,"column":4},"end":{"line":21,"column":58}},"11":{"start":{"line":29,"column":6},"end":{"line":29,"column":67}},"12":{"start":{"line":30,"column":18},"end":{"line":30,"column":36}},"13":{"start":{"line":31,"column":24},"end":{"line":31,"column":40}},"14":{"start":{"line":33,"column":4},"end":{"line":37,"column":5}},"15":{"start":{"line":34,"column":6},"end":{"line":36,"column":8}},"16":{"start":{"line":40,"column":6},"end":{"line":40,"column":62}},"17":{"start":{"line":41,"column":4},"end":{"line":43,"column":5}},"18":{"start":{"line":42,"column":6},"end":{"line":42,"column":32}},"19":{"start":{"line":45,"column":28},"end":{"line":45,"column":72}},"20":{"start":{"line":46,"column":4},"end":{"line":50,"column":5}},"21":{"start":{"line":47,"column":6},"end":{"line":49,"column":9}},"22":{"start":{"line":52,"column":4},"end":{"line":58,"column":7}},"23":{"start":{"line":62,"column":4},"end":{"line":62,"column":44}},"24":{"start":{"line":11,"column":13},"end":{"line":11,"column":32}},"25":{"start":{"line":11,"column":13},"end":{"line":64,"column":null}}},"fnMap":{"0":{"name":"(anonymous_4)","decl":{"start":{"line":12,"column":2},"end":{"line":12,"column":null}},"loc":{"start":{"line":16,"column":61},"end":{"line":17,"column":6}}},"1":{"name":"(anonymous_5)","decl":{"start":{"line":19,"column":2},"end":{"line":19,"column":17}},"loc":{"start":{"line":19,"column":17},"end":{"line":22,"column":3}}},"2":{"name":"(anonymous_6)","decl":{"start":{"line":24,"column":2},"end":{"line":24,"column":7}},"loc":{"start":{"line":26,"column":43},"end":{"line":59,"column":3}}},"3":{"name":"(anonymous_7)","decl":{"start":{"line":61,"column":10},"end":{"line":61,"column":23}},"loc":{"start":{"line":61,"column":37},"end":{"line":63,"column":3}}}},"branchMap":{"0":{"loc":{"start":{"line":21,"column":11},"end":{"line":21,"column":57}},"type":"cond-expr","locations":[{"start":{"line":21,"column":37},"end":{"line":21,"column":47}},{"start":{"line":21,"column":50},"end":{"line":21,"column":57}}]},"1":{"loc":{"start":{"line":26,"column":4},"end":{"line":26,"column":43}},"type":"default-arg","locations":[{"start":{"line":26,"column":30},"end":{"line":26,"column":43}}]},"2":{"loc":{"start":{"line":33,"column":4},"end":{"line":37,"column":5}},"type":"if","locations":[{"start":{"line":33,"column":4},"end":{"line":37,"column":5}},{"start":{},"end":{}}]},"3":{"loc":{"start":{"line":41,"column":4},"end":{"line":43,"column":5}},"type":"if","locations":[{"start":{"line":41,"column":4},"end":{"line":43,"column":5}},{"start":{},"end":{}}]},"4":{"loc":{"start":{"line":46,"column":4},"end":{"line":50,"column":5}},"type":"if","locations":[{"start":{"line":46,"column":4},"end":{"line":50,"column":5}},{"start":{},"end":{}}]},"5":{"loc":{"start":{"line":15,"column":36},"end":{"line":15,"column":null}},"type":"cond-expr","locations":[{"start":{"line":15,"column":49},"end":{"line":15,"column":null}},{"start":{"line":15,"column":49},"end":{"line":15,"column":null}}]},"6":{"loc":{"start":{"line":15,"column":36},"end":{"line":15,"column":49}},"type":"binary-expr","locations":[{"start":{"line":15,"column":36},"end":{"line":15,"column":null}},{"start":{"line":15,"column":36},"end":{"line":15,"column":49}}]},"7":{"loc":{"start":{"line":15,"column":49},"end":{"line":16,"column":null}},"type":"cond-expr","locations":[{"start":{"line":16,"column":61},"end":{"line":16,"column":null}},{"start":{"line":16,"column":61},"end":{"line":16,"column":null}}]},"8":{"loc":{"start":{"line":15,"column":49},"end":{"line":16,"column":61}},"type":"binary-expr","locations":[{"start":{"line":15,"column":49},"end":{"line":16,"column":null}},{"start":{"line":16,"column":42},"end":{"line":16,"column":61}}]}},"s":{"0":2,"1":2,"2":2,"3":2,"4":2,"5":2,"6":3,"7":3,"8":3,"9":2,"10":2,"11":4,"12":4,"13":4,"14":4,"15":1,"16":3,"17":3,"18":1,"19":2,"20":2,"21":1,"22":1,"23":1,"24":2,"25":2},"f":{"0":3,"1":2,"2":4,"3":1},"b":{"0":[1,1],"1":[3],"2":[1,3],"3":[1,2],"4":[1,1],"5":[2,0],"6":[2,2],"7":[2,0],"8":[2,2]}}
,"D:\\GITHUB REPOSITORY\\cine-swipe\\backend\\src\\application\\auth\\auth.service.ts": {"path":"D:\\GITHUB REPOSITORY\\cine-swipe\\backend\\src\\application\\auth\\auth.service.ts","statementMap":{"0":{"start":{"line":1,"column":0},"end":{"line":1,"column":null}},"1":{"start":{"line":8,"column":0},"end":{"line":8,"column":41}},"2":{"start":{"line":9,"column":0},"end":{"line":9,"column":33}},"3":{"start":{"line":10,"column":0},"end":{"line":10,"column":47}},"4":{"start":{"line":11,"column":0},"end":{"line":11,"column":46}},"5":{"start":{"line":12,"column":0},"end":{"line":12,"column":36}},"6":{"start":{"line":14,"column":0},"end":{"line":14,"column":79}},"7":{"start":{"line":16,"column":0},"end":{"line":16,"column":72}},"8":{"start":{"line":17,"column":0},"end":{"line":17,"column":62}},"9":{"start":{"line":47,"column":7},"end":{"line":237,"column":null}},"10":{"start":{"line":50,"column":21},"end":{"line":50,"column":52}},"11":{"start":{"line":51,"column":21},"end":{"line":51,"column":33}},"12":{"start":{"line":52,"column":21},"end":{"line":52,"column":36}},"13":{"start":{"line":53,"column":21},"end":{"line":53,"column":42}},"14":{"start":{"line":57,"column":21},"end":{"line":57,"column":63}},"15":{"start":{"line":58,"column":17},"end":{"line":58,"column":58}},"16":{"start":{"line":61,"column":6},"end":{"line":63,"column":62}},"17":{"start":{"line":65,"column":4},"end":{"line":65,"column":38}},"18":{"start":{"line":69,"column":21},"end":{"line":69,"column":63}},"19":{"start":{"line":71,"column":6},"end":{"line":73,"column":53}},"20":{"start":{"line":75,"column":4},"end":{"line":75,"column":38}},"21":{"start":{"line":79,"column":4},"end":{"line":81,"column":5}},"22":{"start":{"line":80,"column":6},"end":{"line":80,"column":67}},"23":{"start":{"line":83,"column":20},"end":{"line":83,"column":64}},"24":{"start":{"line":84,"column":17},"end":{"line":84,"column":64}},"25":{"start":{"line":86,"column":4},"end":{"line":88,"column":5}},"26":{"start":{"line":87,"column":6},"end":{"line":87,"column":68}},"27":{"start":{"line":90,"column":4},"end":{"line":90,"column":38}},"28":{"start":{"line":97,"column":4},"end":{"line":99,"column":5}},"29":{"start":{"line":98,"column":6},"end":{"line":98,"column":71}},"30":{"start":{"line":101,"column":21},"end":{"line":101,"column":71}},"31":{"start":{"line":102,"column":4},"end":{"line":104,"column":5}},"32":{"start":{"line":103,"column":6},"end":{"line":103,"column":58}},"33":{"start":{"line":106,"column":25},"end":{"line":106,"column":62}},"34":{"start":{"line":107,"column":4},"end":{"line":112,"column":7}},"35":{"start":{"line":119,"column":4},"end":{"line":123,"column":5}},"36":{"start":{"line":120,"column":6},"end":{"line":122,"column":8}},"37":{"start":{"line":124,"column":4},"end":{"line":127,"column":6}},"38":{"start":{"line":131,"column":4},"end":{"line":133,"column":5}},"39":{"start":{"line":132,"column":6},"end":{"line":132,"column":71}},"40":{"start":{"line":135,"column":17},"end":{"line":135,"column":67}},"41":{"start":{"line":136,"column":4},"end":{"line":138,"column":5}},"42":{"start":{"line":137,"column":6},"end":{"line":137,"column":61}},"43":{"start":{"line":140,"column":20},"end":{"line":140,"column":75}},"44":{"start":{"line":141,"column":4},"end":{"line":143,"column":5}},"45":{"start":{"line":142,"column":6},"end":{"line":142,"column":61}},"46":{"start":{"line":145,"column":4},"end":{"line":145,"column":16}},"47":{"start":{"line":149,"column":4},"end":{"line":153,"column":5}},"48":{"start":{"line":150,"column":6},"end":{"line":152,"column":8}},"49":{"start":{"line":154,"column":4},"end":{"line":156,"column":6}},"50":{"start":{"line":160,"column":20},"end":{"line":160,"column":47}},"51":{"start":{"line":161,"column":24},"end":{"line":161,"column":53}},"52":{"start":{"line":162,"column":25},"end":{"line":162,"column":64}},"53":{"start":{"line":163,"column":26},"end":{"line":163,"column":58}},"54":{"start":{"line":165,"column":4},"end":{"line":170,"column":6}},"55":{"start":{"line":174,"column":4},"end":{"line":178,"column":6}},"56":{"start":{"line":182,"column":4},"end":{"line":186,"column":39}},"57":{"start":{"line":192,"column":4},"end":{"line":197,"column":5}},"58":{"start":{"line":193,"column":24},"end":{"line":193,"column":78}},"59":{"start":{"line":194,"column":6},"end":{"line":194,"column":61}},"60":{"start":{"line":196,"column":6},"end":{"line":196,"column":74}},"61":{"start":{"line":201,"column":19},"end":{"line":203,"column":null}},"62":{"start":{"line":205,"column":19},"end":{"line":205,"column":63}},"63":{"start":{"line":206,"column":4},"end":{"line":206,"column":34}},"64":{"start":{"line":210,"column":4},"end":{"line":210,"column":71}},"65":{"start":{"line":214,"column":57},"end":{"line":214,"column":61}},"66":{"start":{"line":215,"column":4},"end":{"line":215,"column":20}},"67":{"start":{"line":219,"column":4},"end":{"line":219,"column":44}},"68":{"start":{"line":226,"column":4},"end":{"line":228,"column":5}},"69":{"start":{"line":227,"column":6},"end":{"line":227,"column":27}},"70":{"start":{"line":230,"column":23},"end":{"line":230,"column":68}},"71":{"start":{"line":231,"column":4},"end":{"line":233,"column":5}},"72":{"start":{"line":232,"column":6},"end":{"line":232,"column":28}},"73":{"start":{"line":235,"column":4},"end":{"line":235,"column":25}},"74":{"start":{"line":47,"column":13},"end":{"line":47,"column":24}},"75":{"start":{"line":47,"column":13},"end":{"line":237,"column":null}}},"fnMap":{"0":{"name":"(anonymous_13)","decl":{"start":{"line":48,"column":2},"end":{"line":48,"column":null}},"loc":{"start":{"line":53,"column":61},"end":{"line":54,"column":6}}},"1":{"name":"(anonymous_14)","decl":{"start":{"line":56,"column":2},"end":{"line":56,"column":7}},"loc":{"start":{"line":56,"column":37},"end":{"line":66,"column":3}}},"2":{"name":"(anonymous_15)","decl":{"start":{"line":68,"column":2},"end":{"line":68,"column":7}},"loc":{"start":{"line":68,"column":31},"end":{"line":76,"column":3}}},"3":{"name":"(anonymous_16)","decl":{"start":{"line":78,"column":2},"end":{"line":78,"column":7}},"loc":{"start":{"line":78,"column":36},"end":{"line":91,"column":3}}},"4":{"name":"(anonymous_17)","decl":{"start":{"line":93,"column":10},"end":{"line":93,"column":15}},"loc":{"start":{"line":95,"column":18},"end":{"line":113,"column":3}}},"5":{"name":"(anonymous_18)","decl":{"start":{"line":115,"column":10},"end":{"line":115,"column":15}},"loc":{"start":{"line":117,"column":18},"end":{"line":128,"column":3}}},"6":{"name":"(anonymous_19)","decl":{"start":{"line":130,"column":10},"end":{"line":130,"column":15}},"loc":{"start":{"line":130,"column":59},"end":{"line":146,"column":3}}},"7":{"name":"(anonymous_20)","decl":{"start":{"line":148,"column":10},"end":{"line":148,"column":15}},"loc":{"start":{"line":148,"column":51},"end":{"line":157,"column":3}}},"8":{"name":"(anonymous_21)","decl":{"start":{"line":159,"column":10},"end":{"line":159,"column":15}},"loc":{"start":{"line":159,"column":42},"end":{"line":171,"column":3}}},"9":{"name":"(anonymous_22)","decl":{"start":{"line":173,"column":10},"end":{"line":173,"column":26}},"loc":{"start":{"line":173,"column":37},"end":{"line":179,"column":3}}},"10":{"name":"(anonymous_23)","decl":{"start":{"line":181,"column":10},"end":{"line":181,"column":15}},"loc":{"start":{"line":181,"column":60},"end":{"line":187,"column":3}}},"11":{"name":"(anonymous_24)","decl":{"start":{"line":189,"column":10},"end":{"line":189,"column":15}},"loc":{"start":{"line":190,"column":24},"end":{"line":198,"column":3}}},"12":{"name":"(anonymous_25)","decl":{"start":{"line":200,"column":10},"end":{"line":200,"column":25}},"loc":{"start":{"line":200,"column":25},"end":{"line":207,"column":3}}},"13":{"name":"(anonymous_26)","decl":{"start":{"line":209,"column":10},"end":{"line":209,"column":23}},"loc":{"start":{"line":209,"column":23},"end":{"line":211,"column":3}}},"14":{"name":"(anonymous_27)","decl":{"start":{"line":213,"column":10},"end":{"line":213,"column":31}},"loc":{"start":{"line":213,"column":42},"end":{"line":216,"column":3}}},"15":{"name":"(anonymous_28)","decl":{"start":{"line":218,"column":10},"end":{"line":218,"column":23}},"loc":{"start":{"line":218,"column":37},"end":{"line":220,"column":3}}},"16":{"name":"(anonymous_29)","decl":{"start":{"line":222,"column":10},"end":{"line":222,"column":21}},"loc":{"start":{"line":224,"column":29},"end":{"line":236,"column":3}}}},"branchMap":{"0":{"loc":{"start":{"line":61,"column":6},"end":{"line":63,"column":62}},"type":"cond-expr","locations":[{"start":{"line":62,"column":10},"end":{"line":62,"column":54}},{"start":{"line":63,"column":10},"end":{"line":63,"column":62}}]},"1":{"loc":{"start":{"line":71,"column":6},"end":{"line":73,"column":53}},"type":"cond-expr","locations":[{"start":{"line":72,"column":10},"end":{"line":72,"column":45}},{"start":{"line":73,"column":10},"end":{"line":73,"column":53}}]},"2":{"loc":{"start":{"line":79,"column":4},"end":{"line":81,"column":5}},"type":"if","locations":[{"start":{"line":79,"column":4},"end":{"line":81,"column":5}},{"start":{},"end":{}}]},"3":{"loc":{"start":{"line":86,"column":4},"end":{"line":88,"column":5}},"type":"if","locations":[{"start":{"line":86,"column":4},"end":{"line":88,"column":5}},{"start":{},"end":{}}]},"4":{"loc":{"start":{"line":97,"column":4},"end":{"line":99,"column":5}},"type":"if","locations":[{"start":{"line":97,"column":4},"end":{"line":99,"column":5}},{"start":{},"end":{}}]},"5":{"loc":{"start":{"line":97,"column":8},"end":{"line":97,"column":39}},"type":"binary-expr","locations":[{"start":{"line":97,"column":8},"end":{"line":97,"column":20}},{"start":{"line":97,"column":24},"end":{"line":97,"column":39}}]},"6":{"loc":{"start":{"line":102,"column":4},"end":{"line":104,"column":5}},"type":"if","locations":[{"start":{"line":102,"column":4},"end":{"line":104,"column":5}},{"start":{},"end":{}}]},"7":{"loc":{"start":{"line":108,"column":16},"end":{"line":108,"column":65}},"type":"binary-expr","locations":[{"start":{"line":108,"column":16},"end":{"line":108,"column":30}},{"start":{"line":108,"column":34},"end":{"line":108,"column":65}}]},"8":{"loc":{"start":{"line":119,"column":4},"end":{"line":123,"column":5}},"type":"if","locations":[{"start":{"line":119,"column":4},"end":{"line":123,"column":5}},{"start":{},"end":{}}]},"9":{"loc":{"start":{"line":131,"column":4},"end":{"line":133,"column":5}},"type":"if","locations":[{"start":{"line":131,"column":4},"end":{"line":133,"column":5}},{"start":{},"end":{}}]},"10":{"loc":{"start":{"line":131,"column":8},"end":{"line":131,"column":39}},"type":"binary-expr","locations":[{"start":{"line":131,"column":8},"end":{"line":131,"column":20}},{"start":{"line":131,"column":24},"end":{"line":131,"column":39}}]},"11":{"loc":{"start":{"line":136,"column":4},"end":{"line":138,"column":5}},"type":"if","locations":[{"start":{"line":136,"column":4},"end":{"line":138,"column":5}},{"start":{},"end":{}}]},"12":{"loc":{"start":{"line":136,"column":8},"end":{"line":136,"column":35}},"type":"binary-expr","locations":[{"start":{"line":136,"column":8},"end":{"line":136,"column":13}},{"start":{"line":136,"column":17},"end":{"line":136,"column":35}}]},"13":{"loc":{"start":{"line":141,"column":4},"end":{"line":143,"column":5}},"type":"if","locations":[{"start":{"line":141,"column":4},"end":{"line":143,"column":5}},{"start":{},"end":{}}]},"14":{"loc":{"start":{"line":149,"column":4},"end":{"line":153,"column":5}},"type":"if","locations":[{"start":{"line":149,"column":4},"end":{"line":153,"column":5}},{"start":{},"end":{}}]},"15":{"loc":{"start":{"line":226,"column":4},"end":{"line":228,"column":5}},"type":"if","locations":[{"start":{"line":226,"column":4},"end":{"line":228,"column":5}},{"start":{},"end":{}}]},"16":{"loc":{"start":{"line":231,"column":4},"end":{"line":233,"column":5}},"type":"if","locations":[{"start":{"line":231,"column":4},"end":{"line":233,"column":5}},{"start":{},"end":{}}]},"17":{"loc":{"start":{"line":231,"column":8},"end":{"line":231,"column":42}},"type":"binary-expr","locations":[{"start":{"line":231,"column":8},"end":{"line":231,"column":18}},{"start":{"line":231,"column":22},"end":{"line":231,"column":42}}]},"18":{"loc":{"start":{"line":51,"column":33},"end":{"line":51,"column":null}},"type":"cond-expr","locations":[{"start":{"line":51,"column":43},"end":{"line":51,"column":null}},{"start":{"line":51,"column":43},"end":{"line":51,"column":null}}]},"19":{"loc":{"start":{"line":51,"column":33},"end":{"line":51,"column":43}},"type":"binary-expr","locations":[{"start":{"line":51,"column":33},"end":{"line":51,"column":null}},{"start":{"line":51,"column":33},"end":{"line":51,"column":43}}]},"20":{"loc":{"start":{"line":51,"column":43},"end":{"line":52,"column":null}},"type":"cond-expr","locations":[{"start":{"line":52,"column":49},"end":{"line":52,"column":null}},{"start":{"line":52,"column":49},"end":{"line":52,"column":null}}]},"21":{"loc":{"start":{"line":51,"column":43},"end":{"line":52,"column":49}},"type":"binary-expr","locations":[{"start":{"line":51,"column":43},"end":{"line":52,"column":null}},{"start":{"line":52,"column":36},"end":{"line":52,"column":49}}]},"22":{"loc":{"start":{"line":52,"column":49},"end":{"line":53,"column":null}},"type":"cond-expr","locations":[{"start":{"line":53,"column":61},"end":{"line":53,"column":null}},{"start":{"line":53,"column":61},"end":{"line":53,"column":null}}]},"23":{"loc":{"start":{"line":52,"column":49},"end":{"line":53,"column":61}},"type":"binary-expr","locations":[{"start":{"line":52,"column":49},"end":{"line":53,"column":null}},{"start":{"line":53,"column":42},"end":{"line":53,"column":61}}]}},"s":{"0":1,"1":1,"2":1,"3":1,"4":1,"5":1,"6":1,"7":1,"8":1,"9":1,"10":1,"11":1,"12":1,"13":1,"14":9,"15":9,"16":9,"17":6,"18":7,"19":7,"20":2,"21":4,"22":1,"23":3,"24":2,"25":2,"26":1,"27":1,"28":7,"29":1,"30":6,"31":6,"32":1,"33":5,"34":5,"35":2,"36":1,"37":1,"38":5,"39":1,"40":4,"41":4,"42":2,"43":2,"44":2,"45":1,"46":1,"47":2,"48":1,"49":1,"50":9,"51":9,"52":9,"53":9,"54":9,"55":9,"56":9,"57":3,"58":3,"59":2,"60":1,"61":12,"62":12,"63":12,"64":9,"65":9,"66":9,"67":5,"68":9,"69":7,"70":2,"71":2,"72":1,"73":1,"74":1,"75":1},"f":{"0":1,"1":9,"2":7,"3":4,"4":7,"5":2,"6":5,"7":2,"8":9,"9":9,"10":9,"11":3,"12":12,"13":9,"14":9,"15":5,"16":9},"b":{"0":[2,7],"1":[2,5],"2":[1,3],"3":[1,1],"4":[1,6],"5":[7,7],"6":[1,5],"7":[5,5],"8":[1,1],"9":[1,4],"10":[5,5],"11":[2,2],"12":[4,3],"13":[1,1],"14":[1,1],"15":[7,2],"16":[1,1],"17":[2,2],"18":[1,0],"19":[1,1],"20":[1,0],"21":[1,1],"22":[1,0],"23":[1,1]}}
,"D:\\GITHUB REPOSITORY\\cine-swipe\\backend\\src\\application\\movie\\movie.service.ts": {"path":"D:\\GITHUB REPOSITORY\\cine-swipe\\backend\\src\\application\\movie\\movie.service.ts","statementMap":{"0":{"start":{"line":1,"column":0},"end":{"line":1,"column":71}},"1":{"start":{"line":2,"column":0},"end":{"line":2,"column":82}},"2":{"start":{"line":5,"column":0},"end":{"line":5,"column":79}},"3":{"start":{"line":12,"column":7},"end":{"line":52,"column":null}},"4":{"start":{"line":15,"column":21},"end":{"line":15,"column":54}},"5":{"start":{"line":16,"column":21},"end":{"line":16,"column":40}},"6":{"start":{"line":20,"column":4},"end":{"line":20,"column":45}},"7":{"start":{"line":24,"column":4},"end":{"line":24,"column":42}},"8":{"start":{"line":30,"column":29},"end":{"line":30,"column":76}},"9":{"start":{"line":31,"column":29},"end":{"line":31,"column":82}},"10":{"start":{"line":32,"column":4},"end":{"line":32,"column":78}},"11":{"start":{"line":36,"column":18},"end":{"line":36,"column":57}},"12":{"start":{"line":37,"column":4},"end":{"line":39,"column":5}},"13":{"start":{"line":38,"column":6},"end":{"line":38,"column":67}},"14":{"start":{"line":40,"column":4},"end":{"line":40,"column":17}},"15":{"start":{"line":44,"column":4},"end":{"line":44,"column":32}},"16":{"start":{"line":45,"column":4},"end":{"line":45,"column":49}},"17":{"start":{"line":49,"column":4},"end":{"line":49,"column":32}},"18":{"start":{"line":50,"column":4},"end":{"line":50,"column":42}},"19":{"start":{"line":12,"column":13},"end":{"line":12,"column":25}},"20":{"start":{"line":12,"column":13},"end":{"line":52,"column":null}}},"fnMap":{"0":{"name":"(anonymous_4)","decl":{"start":{"line":13,"column":2},"end":{"line":13,"column":null}},"loc":{"start":{"line":16,"column":57},"end":{"line":17,"column":6}}},"1":{"name":"(anonymous_5)","decl":{"start":{"line":19,"column":2},"end":{"line":19,"column":7}},"loc":{"start":{"line":19,"column":40},"end":{"line":21,"column":3}}},"2":{"name":"(anonymous_6)","decl":{"start":{"line":23,"column":2},"end":{"line":23,"column":7}},"loc":{"start":{"line":23,"column":20},"end":{"line":25,"column":3}}},"3":{"name":"(anonymous_7)","decl":{"start":{"line":27,"column":2},"end":{"line":27,"column":7}},"loc":{"start":{"line":28,"column":41},"end":{"line":33,"column":3}}},"4":{"name":"(anonymous_8)","decl":{"start":{"line":35,"column":2},"end":{"line":35,"column":7}},"loc":{"start":{"line":35,"column":31},"end":{"line":41,"column":3}}},"5":{"name":"(anonymous_9)","decl":{"start":{"line":43,"column":2},"end":{"line":43,"column":7}},"loc":{"start":{"line":43,"column":52},"end":{"line":46,"column":3}}},"6":{"name":"(anonymous_10)","decl":{"start":{"line":48,"column":2},"end":{"line":48,"column":7}},"loc":{"start":{"line":48,"column":30},"end":{"line":51,"column":3}}}},"branchMap":{"0":{"loc":{"start":{"line":37,"column":4},"end":{"line":39,"column":5}},"type":"if","locations":[{"start":{"line":37,"column":4},"end":{"line":39,"column":5}},{"start":{},"end":{}}]},"1":{"loc":{"start":{"line":16,"column":40},"end":{"line":16,"column":null}},"type":"cond-expr","locations":[{"start":{"line":16,"column":57},"end":{"line":16,"column":null}},{"start":{"line":16,"column":57},"end":{"line":16,"column":null}}]},"2":{"loc":{"start":{"line":16,"column":40},"end":{"line":16,"column":57}},"type":"binary-expr","locations":[{"start":{"line":16,"column":40},"end":{"line":16,"column":null}},{"start":{"line":16,"column":40},"end":{"line":16,"column":57}}]}},"s":{"0":3,"1":3,"2":3,"3":3,"4":1,"5":1,"6":1,"7":1,"8":1,"9":1,"10":1,"11":6,"12":6,"13":3,"14":3,"15":2,"16":1,"17":2,"18":1,"19":3,"20":3},"f":{"0":1,"1":1,"2":1,"3":1,"4":6,"5":2,"6":2},"b":{"0":[3,3],"1":[3,0],"2":[3,3]}}
,"D:\\GITHUB REPOSITORY\\cine-swipe\\backend\\src\\application\\payment\\payment.service.ts": {"path":"D:\\GITHUB REPOSITORY\\cine-swipe\\backend\\src\\application\\payment\\payment.service.ts","statementMap":{"0":{"start":{"line":1,"column":0},"end":{"line":1,"column":52}},"1":{"start":{"line":2,"column":0},"end":{"line":2,"column":52}},"2":{"start":{"line":3,"column":0},"end":{"line":3,"column":90}},"3":{"start":{"line":5,"column":0},"end":{"line":5,"column":null}},"4":{"start":{"line":9,"column":0},"end":{"line":9,"column":54}},"5":{"start":{"line":10,"column":0},"end":{"line":10,"column":47}},"6":{"start":{"line":11,"column":0},"end":{"line":11,"column":36}},"7":{"start":{"line":12,"column":0},"end":{"line":12,"column":86}},"8":{"start":{"line":14,"column":0},"end":{"line":14,"column":79}},"9":{"start":{"line":28,"column":13},"end":{"line":28,"column":61}},"10":{"start":{"line":31,"column":7},"end":{"line":96,"column":null}},"11":{"start":{"line":34,"column":21},"end":{"line":34,"column":60}},"12":{"start":{"line":36,"column":21},"end":{"line":36,"column":35}},"13":{"start":{"line":37,"column":21},"end":{"line":37,"column":35}},"14":{"start":{"line":38,"column":21},"end":{"line":38,"column":36}},"15":{"start":{"line":39,"column":21},"end":{"line":39,"column":40}},"16":{"start":{"line":43,"column":18},"end":{"line":43,"column":63}},"17":{"start":{"line":44,"column":26},"end":{"line":44,"column":38}},"18":{"start":{"line":45,"column":21},"end":{"line":45,"column":79}},"19":{"start":{"line":47,"column":21},"end":{"line":64,"column":null}},"20":{"start":{"line":67,"column":4},"end":{"line":67,"column":20}},"21":{"start":{"line":73,"column":4},"end":{"line":73,"column":62}},"22":{"start":{"line":77,"column":4},"end":{"line":77,"column":54}},"23":{"start":{"line":84,"column":29},"end":{"line":84,"column":76}},"24":{"start":{"line":85,"column":29},"end":{"line":88,"column":null}},"25":{"start":{"line":90,"column":19},"end":{"line":92,"column":56}},"26":{"start":{"line":91,"column":25},"end":{"line":91,"column":39}},"27":{"start":{"line":92,"column":41},"end":{"line":92,"column":55}},"28":{"start":{"line":94,"column":4},"end":{"line":94,"column":79}},"29":{"start":{"line":31,"column":13},"end":{"line":31,"column":27}},"30":{"start":{"line":31,"column":13},"end":{"line":96,"column":null}}},"fnMap":{"0":{"name":"(anonymous_4)","decl":{"start":{"line":32,"column":2},"end":{"line":32,"column":null}},"loc":{"start":{"line":39,"column":57},"end":{"line":40,"column":6}}},"1":{"name":"(anonymous_5)","decl":{"start":{"line":42,"column":2},"end":{"line":42,"column":7}},"loc":{"start":{"line":42,"column":48},"end":{"line":68,"column":3}}},"2":{"name":"(anonymous_6)","decl":{"start":{"line":70,"column":2},"end":{"line":70,"column":7}},"loc":{"start":{"line":71,"column":71},"end":{"line":74,"column":3}}},"3":{"name":"(anonymous_7)","decl":{"start":{"line":76,"column":2},"end":{"line":76,"column":7}},"loc":{"start":{"line":76,"column":39},"end":{"line":78,"column":3}}},"4":{"name":"(anonymous_8)","decl":{"start":{"line":80,"column":2},"end":{"line":80,"column":7}},"loc":{"start":{"line":82,"column":41},"end":{"line":95,"column":3}}},"5":{"name":"(anonymous_9)","decl":{"start":{"line":91,"column":11},"end":{"line":91,"column":12}},"loc":{"start":{"line":91,"column":25},"end":{"line":91,"column":39}}},"6":{"name":"(anonymous_10)","decl":{"start":{"line":92,"column":14},"end":{"line":92,"column":15}},"loc":{"start":{"line":92,"column":41},"end":{"line":92,"column":55}}}},"branchMap":{"0":{"loc":{"start":{"line":36,"column":35},"end":{"line":36,"column":null}},"type":"cond-expr","locations":[{"start":{"line":36,"column":46},"end":{"line":36,"column":null}},{"start":{"line":36,"column":46},"end":{"line":36,"column":null}}]},"1":{"loc":{"start":{"line":36,"column":35},"end":{"line":36,"column":46}},"type":"binary-expr","locations":[{"start":{"line":36,"column":35},"end":{"line":36,"column":null}},{"start":{"line":36,"column":35},"end":{"line":36,"column":46}}]},"2":{"loc":{"start":{"line":36,"column":46},"end":{"line":37,"column":null}},"type":"cond-expr","locations":[{"start":{"line":37,"column":47},"end":{"line":37,"column":null}},{"start":{"line":37,"column":47},"end":{"line":37,"column":null}}]},"3":{"loc":{"start":{"line":36,"column":46},"end":{"line":37,"column":47}},"type":"binary-expr","locations":[{"start":{"line":36,"column":46},"end":{"line":37,"column":null}},{"start":{"line":37,"column":35},"end":{"line":37,"column":47}}]},"4":{"loc":{"start":{"line":37,"column":47},"end":{"line":38,"column":null}},"type":"cond-expr","locations":[{"start":{"line":38,"column":49},"end":{"line":38,"column":null}},{"start":{"line":38,"column":49},"end":{"line":38,"column":null}}]},"5":{"loc":{"start":{"line":37,"column":47},"end":{"line":38,"column":49}},"type":"binary-expr","locations":[{"start":{"line":37,"column":47},"end":{"line":38,"column":null}},{"start":{"line":38,"column":36},"end":{"line":38,"column":49}}]},"6":{"loc":{"start":{"line":38,"column":49},"end":{"line":39,"column":null}},"type":"cond-expr","locations":[{"start":{"line":39,"column":57},"end":{"line":39,"column":null}},{"start":{"line":39,"column":57},"end":{"line":39,"column":null}}]},"7":{"loc":{"start":{"line":38,"column":49},"end":{"line":39,"column":57}},"type":"binary-expr","locations":[{"start":{"line":38,"column":49},"end":{"line":39,"column":null}},{"start":{"line":39,"column":40},"end":{"line":39,"column":57}}]}},"s":{"0":2,"1":2,"2":2,"3":2,"4":2,"5":2,"6":2,"7":2,"8":2,"9":2,"10":2,"11":1,"12":1,"13":1,"14":1,"15":1,"16":1,"17":1,"18":1,"19":1,"20":1,"21":1,"22":1,"23":1,"24":1,"25":1,"26":1,"27":1,"28":1,"29":2,"30":2},"f":{"0":1,"1":1,"2":1,"3":1,"4":1,"5":1,"6":1},"b":{"0":[2,0],"1":[2,2],"2":[2,0],"3":[2,2],"4":[2,0],"5":[2,2],"6":[2,0],"7":[2,2]}}
,"D:\\GITHUB REPOSITORY\\cine-swipe\\backend\\src\\presentation\\workers\\payment-outbox.dispatcher.ts": {"path":"D:\\GITHUB REPOSITORY\\cine-swipe\\backend\\src\\presentation\\workers\\payment-outbox.dispatcher.ts","statementMap":{"0":{"start":{"line":1,"column":0},"end":{"line":1,"column":null}},"1":{"start":{"line":8,"column":0},"end":{"line":8,"column":47}},"2":{"start":{"line":9,"column":0},"end":{"line":9,"column":52}},"3":{"start":{"line":10,"column":0},"end":{"line":10,"column":null}},"4":{"start":{"line":14,"column":0},"end":{"line":14,"column":null}},"5":{"start":{"line":18,"column":0},"end":{"line":18,"column":86}},"6":{"start":{"line":21,"column":36},"end":{"line":132,"column":null}},"7":{"start":{"line":22,"column":28},"end":{"line":22,"column":68}},"8":{"start":{"line":23,"column":51},"end":{"line":23,"column":55}},"9":{"start":{"line":24,"column":26},"end":{"line":24,"column":31}},"10":{"start":{"line":28,"column":21},"end":{"line":28,"column":60}},"11":{"start":{"line":30,"column":21},"end":{"line":30,"column":35}},"12":{"start":{"line":31,"column":21},"end":{"line":31,"column":36}},"13":{"start":{"line":35,"column":23},"end":{"line":37,"column":null}},"14":{"start":{"line":40,"column":4},"end":{"line":42,"column":19}},"15":{"start":{"line":41,"column":6},"end":{"line":41,"column":40}},"16":{"start":{"line":44,"column":4},"end":{"line":44,"column":38}},"17":{"start":{"line":48,"column":4},"end":{"line":51,"column":5}},"18":{"start":{"line":49,"column":6},"end":{"line":49,"column":42}},"19":{"start":{"line":50,"column":6},"end":{"line":50,"column":34}},"20":{"start":{"line":55,"column":4},"end":{"line":57,"column":5}},"21":{"start":{"line":56,"column":6},"end":{"line":56,"column":13}},"22":{"start":{"line":59,"column":4},"end":{"line":59,"column":30}},"23":{"start":{"line":60,"column":4},"end":{"line":75,"column":5}},"24":{"start":{"line":61,"column":24},"end":{"line":63,"column":null}},"25":{"start":{"line":65,"column":21},"end":{"line":67,"column":null}},"26":{"start":{"line":70,"column":6},"end":{"line":72,"column":7}},"27":{"start":{"line":71,"column":8},"end":{"line":71,"column":40}},"28":{"start":{"line":74,"column":6},"end":{"line":74,"column":33}},"29":{"start":{"line":79,"column":4},"end":{"line":85,"column":5}},"30":{"start":{"line":80,"column":22},"end":{"line":80,"column":46}},"31":{"start":{"line":81,"column":6},"end":{"line":81,"column":55}},"32":{"start":{"line":82,"column":6},"end":{"line":82,"column":68}},"33":{"start":{"line":84,"column":6},"end":{"line":84,"column":53}},"34":{"start":{"line":89,"column":4},"end":{"line":92,"column":6}},"35":{"start":{"line":99,"column":25},"end":{"line":99,"column":43}},"36":{"start":{"line":100,"column":24},"end":{"line":102,"column":null}},"37":{"start":{"line":104,"column":24},"end":{"line":104,"column":50}},"38":{"start":{"line":105,"column":25},"end":{"line":105,"column":59}},"39":{"start":{"line":106,"column":26},"end":{"line":108,"column":12}},"40":{"start":{"line":110,"column":6},"end":{"line":110,"column":70}},"41":{"start":{"line":112,"column":4},"end":{"line":118,"column":6}},"42":{"start":{"line":120,"column":4},"end":{"line":122,"column":6}},"43":{"start":{"line":126,"column":24},"end":{"line":128,"column":null}},"44":{"start":{"line":130,"column":4},"end":{"line":130,"column":34}},"45":{"start":{"line":21,"column":13},"end":{"line":21,"column":36}},"46":{"start":{"line":21,"column":13},"end":{"line":132,"column":null}}},"fnMap":{"0":{"name":"(anonymous_4)","decl":{"start":{"line":26,"column":2},"end":{"line":26,"column":null}},"loc":{"start":{"line":31,"column":49},"end":{"line":32,"column":6}}},"1":{"name":"(anonymous_5)","decl":{"start":{"line":34,"column":2},"end":{"line":34,"column":14}},"loc":{"start":{"line":34,"column":14},"end":{"line":45,"column":3}}},"2":{"name":"(anonymous_6)","decl":{"start":{"line":40,"column":39},"end":{"line":40,"column":42}},"loc":{"start":{"line":40,"column":44},"end":{"line":42,"column":5}}},"3":{"name":"(anonymous_7)","decl":{"start":{"line":47,"column":2},"end":{"line":47,"column":17}},"loc":{"start":{"line":47,"column":17},"end":{"line":52,"column":3}}},"4":{"name":"(anonymous_8)","decl":{"start":{"line":54,"column":2},"end":{"line":54,"column":7}},"loc":{"start":{"line":54,"column":29},"end":{"line":76,"column":3}}},"5":{"name":"(anonymous_9)","decl":{"start":{"line":78,"column":10},"end":{"line":78,"column":15}},"loc":{"start":{"line":78,"column":50},"end":{"line":86,"column":3}}},"6":{"name":"(anonymous_10)","decl":{"start":{"line":88,"column":10},"end":{"line":88,"column":22}},"loc":{"start":{"line":88,"column":43},"end":{"line":93,"column":3}}},"7":{"name":"(anonymous_11)","decl":{"start":{"line":95,"column":10},"end":{"line":95,"column":15}},"loc":{"start":{"line":97,"column":18},"end":{"line":123,"column":3}}},"8":{"name":"(anonymous_12)","decl":{"start":{"line":125,"column":10},"end":{"line":125,"column":25}},"loc":{"start":{"line":125,"column":42},"end":{"line":131,"column":3}}}},"branchMap":{"0":{"loc":{"start":{"line":48,"column":4},"end":{"line":51,"column":5}},"type":"if","locations":[{"start":{"line":48,"column":4},"end":{"line":51,"column":5}},{"start":{},"end":{}}]},"1":{"loc":{"start":{"line":55,"column":4},"end":{"line":57,"column":5}},"type":"if","locations":[{"start":{"line":55,"column":4},"end":{"line":57,"column":5}},{"start":{},"end":{}}]},"2":{"loc":{"start":{"line":106,"column":26},"end":{"line":108,"column":12}},"type":"cond-expr","locations":[{"start":{"line":107,"column":8},"end":{"line":107,"column":43}},{"start":{"line":108,"column":8},"end":{"line":108,"column":12}}]},"3":{"loc":{"start":{"line":110,"column":6},"end":{"line":110,"column":70}},"type":"cond-expr","locations":[{"start":{"line":110,"column":31},"end":{"line":110,"column":44}},{"start":{"line":110,"column":47},"end":{"line":110,"column":70}}]},"4":{"loc":{"start":{"line":30,"column":35},"end":{"line":30,"column":null}},"type":"cond-expr","locations":[{"start":{"line":30,"column":46},"end":{"line":30,"column":null}},{"start":{"line":30,"column":46},"end":{"line":30,"column":null}}]},"5":{"loc":{"start":{"line":30,"column":35},"end":{"line":30,"column":46}},"type":"binary-expr","locations":[{"start":{"line":30,"column":35},"end":{"line":30,"column":null}},{"start":{"line":30,"column":35},"end":{"line":30,"column":46}}]},"6":{"loc":{"start":{"line":30,"column":46},"end":{"line":31,"column":null}},"type":"cond-expr","locations":[{"start":{"line":31,"column":49},"end":{"line":31,"column":null}},{"start":{"line":31,"column":49},"end":{"line":31,"column":null}}]},"7":{"loc":{"start":{"line":30,"column":46},"end":{"line":31,"column":49}},"type":"binary-expr","locations":[{"start":{"line":30,"column":46},"end":{"line":31,"column":null}},{"start":{"line":31,"column":36},"end":{"line":31,"column":49}}]}},"s":{"0":1,"1":1,"2":1,"3":1,"4":1,"5":1,"6":1,"7":1,"8":1,"9":1,"10":1,"11":1,"12":1,"13":0,"14":0,"15":0,"16":0,"17":0,"18":0,"19":0,"20":3,"21":0,"22":3,"23":3,"24":3,"25":3,"26":3,"27":3,"28":3,"29":3,"30":3,"31":3,"32":1,"33":2,"34":3,"35":2,"36":2,"37":2,"38":2,"39":2,"40":2,"41":2,"42":2,"43":2,"44":2,"45":1,"46":1},"f":{"0":1,"1":0,"2":0,"3":0,"4":3,"5":3,"6":3,"7":2,"8":2},"b":{"0":[0,0],"1":[0,3],"2":[1,1],"3":[2,0],"4":[1,0],"5":[1,1],"6":[1,0],"7":[1,1]}}
,"D:\\GITHUB REPOSITORY\\cine-swipe\\backend\\src\\presentation\\workers\\payment.worker.ts": {"path":"D:\\GITHUB REPOSITORY\\cine-swipe\\backend\\src\\presentation\\workers\\payment.worker.ts","statementMap":{"0":{"start":{"line":1,"column":0},"end":{"line":1,"column":60}},"1":{"start":{"line":2,"column":0},"end":{"line":2,"column":79}},"2":{"start":{"line":3,"column":0},"end":{"line":3,"column":90}},"3":{"start":{"line":5,"column":0},"end":{"line":5,"column":79}},"4":{"start":{"line":6,"column":0},"end":{"line":6,"column":93}},"5":{"start":{"line":7,"column":0},"end":{"line":7,"column":null}},"6":{"start":{"line":11,"column":0},"end":{"line":11,"column":47}},"7":{"start":{"line":22,"column":26},"end":{"line":105,"column":null}},"8":{"start":{"line":23,"column":28},"end":{"line":23,"column":58}},"9":{"start":{"line":27,"column":21},"end":{"line":27,"column":60}},"10":{"start":{"line":28,"column":21},"end":{"line":28,"column":44}},"11":{"start":{"line":29,"column":21},"end":{"line":29,"column":37}},"12":{"start":{"line":30,"column":21},"end":{"line":30,"column":36}},"13":{"start":{"line":38,"column":20},"end":{"line":38,"column":43}},"14":{"start":{"line":39,"column":20},"end":{"line":39,"column":40}},"15":{"start":{"line":40,"column":23},"end":{"line":40,"column":79}},"16":{"start":{"line":42,"column":4},"end":{"line":103,"column":5}},"17":{"start":{"line":43,"column":23},"end":{"line":43,"column":79}},"18":{"start":{"line":44,"column":6},"end":{"line":48,"column":7}},"19":{"start":{"line":45,"column":8},"end":{"line":45,"column":68}},"20":{"start":{"line":46,"column":8},"end":{"line":46,"column":29}},"21":{"start":{"line":47,"column":8},"end":{"line":47,"column":15}},"22":{"start":{"line":50,"column":6},"end":{"line":56,"column":7}},"23":{"start":{"line":51,"column":8},"end":{"line":53,"column":10}},"24":{"start":{"line":54,"column":8},"end":{"line":54,"column":29}},"25":{"start":{"line":55,"column":8},"end":{"line":55,"column":15}},"26":{"start":{"line":58,"column":22},"end":{"line":58,"column":79}},"27":{"start":{"line":59,"column":21},"end":{"line":64,"column":8}},"28":{"start":{"line":66,"column":21},"end":{"line":68,"column":31}},"29":{"start":{"line":69,"column":6},"end":{"line":69,"column":75}},"30":{"start":{"line":71,"column":6},"end":{"line":76,"column":7}},"31":{"start":{"line":72,"column":8},"end":{"line":75,"column":11}},"32":{"start":{"line":78,"column":6},"end":{"line":78,"column":27}},"33":{"start":{"line":80,"column":6},"end":{"line":82,"column":8}},"34":{"start":{"line":84,"column":6},"end":{"line":100,"column":7}},"35":{"start":{"line":85,"column":8},"end":{"line":88,"column":11}},"36":{"start":{"line":90,"column":8},"end":{"line":99,"column":9}},"37":{"start":{"line":91,"column":10},"end":{"line":94,"column":12}},"38":{"start":{"line":96,"column":10},"end":{"line":98,"column":12}},"39":{"start":{"line":102,"column":6},"end":{"line":102,"column":27}},"40":{"start":{"line":22,"column":13},"end":{"line":22,"column":26}},"41":{"start":{"line":34,"column":8},"end":{"line":104,"column":null}},"42":{"start":{"line":22,"column":13},"end":{"line":105,"column":null}}},"fnMap":{"0":{"name":"(anonymous_4)","decl":{"start":{"line":25,"column":2},"end":{"line":25,"column":null}},"loc":{"start":{"line":30,"column":49},"end":{"line":31,"column":6}}},"1":{"name":"(anonymous_5)","decl":{"start":{"line":34,"column":8},"end":{"line":34,"column":28}},"loc":{"start":{"line":36,"column":30},"end":{"line":104,"column":3}}}},"branchMap":{"0":{"loc":{"start":{"line":44,"column":6},"end":{"line":48,"column":7}},"type":"if","locations":[{"start":{"line":44,"column":6},"end":{"line":48,"column":7}},{"start":{},"end":{}}]},"1":{"loc":{"start":{"line":50,"column":6},"end":{"line":56,"column":7}},"type":"if","locations":[{"start":{"line":50,"column":6},"end":{"line":56,"column":7}},{"start":{},"end":{}}]},"2":{"loc":{"start":{"line":66,"column":21},"end":{"line":68,"column":31}},"type":"cond-expr","locations":[{"start":{"line":67,"column":10},"end":{"line":67,"column":34}},{"start":{"line":68,"column":10},"end":{"line":68,"column":31}}]},"3":{"loc":{"start":{"line":71,"column":6},"end":{"line":76,"column":7}},"type":"if","locations":[{"start":{"line":71,"column":6},"end":{"line":76,"column":7}},{"start":{},"end":{}}]},"4":{"loc":{"start":{"line":71,"column":10},"end":{"line":71,"column":59}},"type":"binary-expr","locations":[{"start":{"line":71,"column":10},"end":{"line":71,"column":26}},{"start":{"line":71,"column":30},"end":{"line":71,"column":59}}]},"5":{"loc":{"start":{"line":81,"column":62},"end":{"line":81,"column":112}},"type":"cond-expr","locations":[{"start":{"line":81,"column":87},"end":{"line":81,"column":100}},{"start":{"line":81,"column":103},"end":{"line":81,"column":112}}]},"6":{"loc":{"start":{"line":84,"column":6},"end":{"line":100,"column":7}},"type":"if","locations":[{"start":{"line":84,"column":6},"end":{"line":100,"column":7}},{"start":{"line":89,"column":13},"end":{"line":100,"column":7}}]},"7":{"loc":{"start":{"line":36,"column":20},"end":{"line":36,"column":null}},"type":"cond-expr","locations":[{"start":{"line":36,"column":30},"end":{"line":36,"column":null}},{"start":{"line":36,"column":30},"end":{"line":36,"column":null}}]},"8":{"loc":{"start":{"line":36,"column":20},"end":{"line":36,"column":30}},"type":"binary-expr","locations":[{"start":{"line":36,"column":20},"end":{"line":36,"column":null}},{"start":{"line":36,"column":20},"end":{"line":36,"column":30}}]},"9":{"loc":{"start":{"line":28,"column":44},"end":{"line":28,"column":null}},"type":"cond-expr","locations":[{"start":{"line":28,"column":65},"end":{"line":28,"column":null}},{"start":{"line":28,"column":65},"end":{"line":28,"column":null}}]},"10":{"loc":{"start":{"line":28,"column":44},"end":{"line":28,"column":65}},"type":"binary-expr","locations":[{"start":{"line":28,"column":44},"end":{"line":28,"column":null}},{"start":{"line":28,"column":44},"end":{"line":28,"column":65}}]},"11":{"loc":{"start":{"line":28,"column":65},"end":{"line":29,"column":null}},"type":"cond-expr","locations":[{"start":{"line":29,"column":51},"end":{"line":29,"column":null}},{"start":{"line":29,"column":51},"end":{"line":29,"column":null}}]},"12":{"loc":{"start":{"line":28,"column":65},"end":{"line":29,"column":51}},"type":"binary-expr","locations":[{"start":{"line":28,"column":65},"end":{"line":29,"column":null}},{"start":{"line":29,"column":37},"end":{"line":29,"column":51}}]},"13":{"loc":{"start":{"line":29,"column":51},"end":{"line":30,"column":null}},"type":"cond-expr","locations":[{"start":{"line":30,"column":49},"end":{"line":30,"column":null}},{"start":{"line":30,"column":49},"end":{"line":30,"column":null}}]},"14":{"loc":{"start":{"line":29,"column":51},"end":{"line":30,"column":49}},"type":"binary-expr","locations":[{"start":{"line":29,"column":51},"end":{"line":30,"column":null}},{"start":{"line":30,"column":36},"end":{"line":30,"column":49}}]}},"s":{"0":1,"1":1,"2":1,"3":1,"4":1,"5":1,"6":1,"7":1,"8":1,"9":1,"10":1,"11":1,"12":1,"13":7,"14":7,"15":7,"16":7,"17":7,"18":7,"19":1,"20":1,"21":1,"22":6,"23":1,"24":1,"25":1,"26":5,"27":5,"28":2,"29":2,"30":2,"31":1,"32":2,"33":3,"34":3,"35":1,"36":2,"37":2,"38":1,"39":3,"40":1,"41":1,"42":1},"f":{"0":1,"1":7},"b":{"0":[1,6],"1":[1,5],"2":[1,1],"3":[1,1],"4":[2,1],"5":[3,0],"6":[1,2],"7":[1,0],"8":[1,1],"9":[1,0],"10":[1,1],"11":[1,0],"12":[1,1],"13":[1,0],"14":[1,1]}}
}
