TN:
SF:src\application\auth\auth-provider.service.ts
FN:12,(anonymous_4)
FN:19,(anonymous_5)
FN:24,(anonymous_6)
FN:61,(anonymous_7)
FNF:4
FNH:4
FNDA:3,(anonymous_4)
FNDA:2,(anonymous_5)
FNDA:4,(anonymous_6)
FNDA:1,(anonymous_7)
DA:1,2
DA:2,2
DA:3,2
DA:7,2
DA:8,2
DA:11,2
DA:14,3
DA:15,3
DA:16,3
DA:20,2
DA:21,2
DA:29,4
DA:30,4
DA:31,4
DA:33,4
DA:34,1
DA:40,3
DA:41,3
DA:42,1
DA:45,2
DA:46,2
DA:47,1
DA:52,1
DA:62,1
LF:24
LH:24
BRDA:21,0,0,1
BRDA:21,0,1,1
BRDA:26,1,0,3
BRDA:33,2,0,1
BRDA:33,2,1,3
BRDA:41,3,0,1
BRDA:41,3,1,2
BRDA:46,4,0,1
BRDA:46,4,1,1
BRDA:15,5,0,2
BRDA:15,5,1,0
BRDA:15,6,0,2
BRDA:15,6,1,2
BRDA:15,7,0,2
BRDA:15,7,1,0
BRDA:15,8,0,2
BRDA:15,8,1,2
BRF:17
BRH:15
end_of_record
TN:
SF:src\application\auth\auth.service.ts
FN:48,(anonymous_13)
FN:56,(anonymous_14)
FN:68,(anonymous_15)
FN:78,(anonymous_16)
FN:93,(anonymous_17)
FN:115,(anonymous_18)
FN:130,(anonymous_19)
FN:148,(anonymous_20)
FN:159,(anonymous_21)
FN:173,(anonymous_22)
FN:181,(anonymous_23)
FN:189,(anonymous_24)
FN:200,(anonymous_25)
FN:209,(anonymous_26)
FN:213,(anonymous_27)
FN:218,(anonymous_28)
FN:222,(anonymous_29)
FNF:17
FNH:17
FNDA:1,(anonymous_13)
FNDA:9,(anonymous_14)
FNDA:7,(anonymous_15)
FNDA:4,(anonymous_16)
FNDA:7,(anonymous_17)
FNDA:2,(anonymous_18)
FNDA:5,(anonymous_19)
FNDA:2,(anonymous_20)
FNDA:9,(anonymous_21)
FNDA:9,(anonymous_22)
FNDA:9,(anonymous_23)
FNDA:3,(anonymous_24)
FNDA:12,(anonymous_25)
FNDA:9,(anonymous_26)
FNDA:9,(anonymous_27)
FNDA:5,(anonymous_28)
FNDA:9,(anonymous_29)
DA:1,1
DA:8,1
DA:9,1
DA:10,1
DA:11,1
DA:12,1
DA:14,1
DA:16,1
DA:17,1
DA:47,1
DA:50,1
DA:51,1
DA:52,1
DA:53,1
DA:57,9
DA:58,9
DA:61,9
DA:65,6
DA:69,7
DA:71,7
DA:75,2
DA:79,4
DA:80,1
DA:83,3
DA:84,2
DA:86,2
DA:87,1
DA:90,1
DA:97,7
DA:98,1
DA:101,6
DA:102,6
DA:103,1
DA:106,5
DA:107,5
DA:119,2
DA:120,1
DA:124,1
DA:131,5
DA:132,1
DA:135,4
DA:136,4
DA:137,2
DA:140,2
DA:141,2
DA:142,1
DA:145,1
DA:149,2
DA:150,1
DA:154,1
DA:160,9
DA:161,9
DA:162,9
DA:163,9
DA:165,9
DA:174,9
DA:182,9
DA:192,3
DA:193,3
DA:194,2
DA:196,1
DA:201,12
DA:205,12
DA:206,12
DA:210,9
DA:214,9
DA:215,9
DA:219,5
DA:226,9
DA:227,7
DA:230,2
DA:231,2
DA:232,1
DA:235,1
LF:74
LH:74
BRDA:61,0,0,2
BRDA:61,0,1,7
BRDA:71,1,0,2
BRDA:71,1,1,5
BRDA:79,2,0,1
BRDA:79,2,1,3
BRDA:86,3,0,1
BRDA:86,3,1,1
BRDA:97,4,0,1
BRDA:97,4,1,6
BRDA:97,5,0,7
BRDA:97,5,1,7
BRDA:102,6,0,1
BRDA:102,6,1,5
BRDA:108,7,0,5
BRDA:108,7,1,5
BRDA:119,8,0,1
BRDA:119,8,1,1
BRDA:131,9,0,1
BRDA:131,9,1,4
BRDA:131,10,0,5
BRDA:131,10,1,5
BRDA:136,11,0,2
BRDA:136,11,1,2
BRDA:136,12,0,4
BRDA:136,12,1,3
BRDA:141,13,0,1
BRDA:141,13,1,1
BRDA:149,14,0,1
BRDA:149,14,1,1
BRDA:226,15,0,7
BRDA:226,15,1,2
BRDA:231,16,0,1
BRDA:231,16,1,1
BRDA:231,17,0,2
BRDA:231,17,1,2
BRDA:51,18,0,1
BRDA:51,18,1,0
BRDA:51,19,0,1
BRDA:51,19,1,1
BRDA:51,20,0,1
BRDA:51,20,1,0
BRDA:51,21,0,1
BRDA:51,21,1,1
BRDA:52,22,0,1
BRDA:52,22,1,0
BRDA:52,23,0,1
BRDA:52,23,1,1
BRF:48
BRH:45
end_of_record
TN:
SF:src\application\movie\movie.service.ts
FN:13,(anonymous_4)
FN:19,(anonymous_5)
FN:23,(anonymous_6)
FN:27,(anonymous_7)
FN:35,(anonymous_8)
FN:43,(anonymous_9)
FN:48,(anonymous_10)
FNF:7
FNH:7
FNDA:1,(anonymous_4)
FNDA:1,(anonymous_5)
FNDA:1,(anonymous_6)
FNDA:1,(anonymous_7)
FNDA:6,(anonymous_8)
FNDA:2,(anonymous_9)
FNDA:2,(anonymous_10)
DA:1,3
DA:2,3
DA:5,3
DA:12,3
DA:15,1
DA:16,1
DA:20,1
DA:24,1
DA:30,1
DA:31,1
DA:32,1
DA:36,6
DA:37,6
DA:38,3
DA:40,3
DA:44,2
DA:45,1
DA:49,2
DA:50,1
LF:19
LH:19
BRDA:37,0,0,3
BRDA:37,0,1,3
BRDA:16,1,0,3
BRDA:16,1,1,0
BRDA:16,2,0,3
BRDA:16,2,1,3
BRF:6
BRH:5
end_of_record
TN:
SF:src\application\payment\payment.service.ts
FN:32,(anonymous_4)
FN:42,(anonymous_5)
FN:70,(anonymous_6)
FN:76,(anonymous_7)
FN:80,(anonymous_8)
FN:91,(anonymous_9)
FN:92,(anonymous_10)
FNF:7
FNH:7
FNDA:1,(anonymous_4)
FNDA:1,(anonymous_5)
FNDA:1,(anonymous_6)
FNDA:1,(anonymous_7)
FNDA:1,(anonymous_8)
FNDA:1,(anonymous_9)
FNDA:1,(anonymous_10)
DA:1,2
DA:2,2
DA:3,2
DA:5,2
DA:9,2
DA:10,2
DA:11,2
DA:12,2
DA:14,2
DA:28,2
DA:31,2
DA:34,1
DA:36,1
DA:37,1
DA:38,1
DA:39,1
DA:43,1
DA:44,1
DA:45,1
DA:47,1
DA:67,1
DA:73,1
DA:77,1
DA:84,1
DA:85,1
DA:90,1
DA:91,1
DA:92,1
DA:94,1
LF:29
LH:29
BRDA:36,0,0,2
BRDA:36,0,1,0
BRDA:36,1,0,2
BRDA:36,1,1,2
BRDA:36,2,0,2
BRDA:36,2,1,0
BRDA:36,3,0,2
BRDA:36,3,1,2
BRDA:37,4,0,2
BRDA:37,4,1,0
BRDA:37,5,0,2
BRDA:37,5,1,2
BRDA:38,6,0,2
BRDA:38,6,1,0
BRDA:38,7,0,2
BRDA:38,7,1,2
BRF:16
BRH:12
end_of_record
TN:
SF:src\presentation\workers\payment-outbox.dispatcher.ts
FN:26,(anonymous_4)
FN:34,(anonymous_5)
FN:40,(anonymous_6)
FN:47,(anonymous_7)
FN:54,(anonymous_8)
FN:78,(anonymous_9)
FN:88,(anonymous_10)
FN:95,(anonymous_11)
FN:125,(anonymous_12)
FNF:9
FNH:6
FNDA:1,(anonymous_4)
FNDA:0,(anonymous_5)
FNDA:0,(anonymous_6)
FNDA:0,(anonymous_7)
FNDA:3,(anonymous_8)
FNDA:3,(anonymous_9)
FNDA:3,(anonymous_10)
FNDA:2,(anonymous_11)
FNDA:2,(anonymous_12)
DA:1,1
DA:8,1
DA:9,1
DA:10,1
DA:14,1
DA:18,1
DA:21,1
DA:22,1
DA:23,1
DA:24,1
DA:28,1
DA:30,1
DA:31,1
DA:35,0
DA:40,0
DA:41,0
DA:44,0
DA:48,0
DA:49,0
DA:50,0
DA:55,3
DA:56,0
DA:59,3
DA:60,3
DA:61,3
DA:65,3
DA:70,3
DA:71,3
DA:74,3
DA:79,3
DA:80,3
DA:81,3
DA:82,1
DA:84,2
DA:89,3
DA:99,2
DA:100,2
DA:104,2
DA:105,2
DA:106,2
DA:110,2
DA:112,2
DA:120,2
DA:126,2
DA:130,2
LF:45
LH:37
BRDA:48,0,0,0
BRDA:48,0,1,0
BRDA:55,1,0,0
BRDA:55,1,1,3
BRDA:106,2,0,1
BRDA:106,2,1,1
BRDA:110,3,0,2
BRDA:110,3,1,0
BRDA:30,4,0,1
BRDA:30,4,1,0
BRDA:30,5,0,1
BRDA:30,5,1,1
BRDA:30,6,0,1
BRDA:30,6,1,0
BRDA:30,7,0,1
BRDA:30,7,1,1
BRF:16
BRH:10
end_of_record
TN:
SF:src\presentation\workers\payment.worker.ts
FN:25,(anonymous_4)
FN:34,(anonymous_5)
FNF:2
FNH:2
FNDA:1,(anonymous_4)
FNDA:7,(anonymous_5)
DA:1,1
DA:2,1
DA:3,1
DA:5,1
DA:6,1
DA:7,1
DA:11,1
DA:22,1
DA:23,1
DA:27,1
DA:28,1
DA:29,1
DA:30,1
DA:34,1
DA:38,7
DA:39,7
DA:40,7
DA:42,7
DA:43,7
DA:44,7
DA:45,1
DA:46,1
DA:47,1
DA:50,6
DA:51,1
DA:54,1
DA:55,1
DA:58,5
DA:59,5
DA:66,2
DA:69,2
DA:71,2
DA:72,1
DA:78,2
DA:80,3
DA:84,3
DA:85,1
DA:90,2
DA:91,2
DA:96,1
DA:102,3
LF:41
LH:41
BRDA:44,0,0,1
BRDA:44,0,1,6
BRDA:50,1,0,1
BRDA:50,1,1,5
BRDA:66,2,0,1
BRDA:66,2,1,1
BRDA:71,3,0,1
BRDA:71,3,1,1
BRDA:71,4,0,2
BRDA:71,4,1,1
BRDA:81,5,0,3
BRDA:81,5,1,0
BRDA:84,6,0,1
BRDA:84,6,1,2
BRDA:36,7,0,1
BRDA:36,7,1,0
BRDA:36,8,0,1
BRDA:36,8,1,1
BRDA:28,9,0,1
BRDA:28,9,1,0
BRDA:28,10,0,1
BRDA:28,10,1,1
BRDA:28,11,0,1
BRDA:28,11,1,0
BRDA:28,12,0,1
BRDA:28,12,1,1
BRDA:29,13,0,1
BRDA:29,13,1,0
BRDA:29,14,0,1
BRDA:29,14,1,1
BRF:30
BRH:25
end_of_record
